C51 COMPILER V9.54   LIANXI7                                                               04/25/2025 18:27:53 PAGE 1   


C51 COMPILER V9.54, COMPILATION OF MODULE LIANXI7
OBJECT MODULE PLACED IN .\Objects\lianxi7.obj
COMPILER INVOKED BY: F:\Keil\C51\BIN\C51.EXE lianxi7.c OPTIMIZE(8,SPEED) BROWSE DEBUG OBJECTEXTEND PRINT(.\Listings\lian
                    -xi7.lst) TABS(2) OBJECT(.\Objects\lianxi7.obj)

line level    source

   1          #include <reg51.h>
   2          
   3          sbit stcp = P2^0;
   4          
   5          #define uchar unsigned char 
   6          #define uint unsigned int
   7          
   8          uchar tab[] = {0xc0,0xf9,0xa4,0xb0,0x99,0x92,0x82,0xf8,0x80,0x90};
   9          
  10          void delay(uint t)
  11          {
  12   1        while(t--);
  13   1      }
  14          
  15          void display(uchar dat)
  16          {
  17   1        SBUF = dat;
  18   1        while(TI == 0);
  19   1        TI = 0;
  20   1        stcp = 0;
  21   1        stcp = 1;
  22   1      }
  23          
  24          void main()
  25          {
  26   1        SCON = 0x00;
  27   1        while(1)
  28   1        {
  29   2          P1 = 0x01;
  30   2          display(tab[0]);
  31   2          delay(500);
  32   2          
  33   2          P1 = 0x02;
  34   2          display(tab[1]);
  35   2          delay(500);
  36   2          
  37   2          P1 = 0x04;
  38   2          display(tab[2]);
  39   2          delay(500);
  40   2        
  41   2          P1 = 0x08;
  42   2          display(tab[3]);
  43   2          delay(500);
  44   2        }
  45   1      }


MODULE INFORMATION:   STATIC OVERLAYABLE
   CODE SIZE        =     67    ----
   CONSTANT SIZE    =   ----    ----
   XDATA SIZE       =   ----    ----
   PDATA SIZE       =   ----    ----
   DATA SIZE        =     10    ----
   IDATA SIZE       =   ----    ----
C51 COMPILER V9.54   LIANXI7                                                               04/25/2025 18:27:53 PAGE 2   

   BIT SIZE         =   ----    ----
END OF MODULE INFORMATION.


C51 COMPILATION COMPLETE.  0 WARNING(S),  0 ERROR(S)
