C51 COMPILER V9.54   LIANXI6                                                               04/10/2025 20:34:06 PAGE 1   


C51 COMPILER V9.54, COMPILATION OF MODULE LIANXI6
OBJECT MODULE PLACED IN .\Objects\lianxi6.obj
COMPILER INVOKED BY: F:\Keil\C51\BIN\C51.EXE lianxi6.c OPTIMIZE(8,SPEED) BROWSE DEBUG OBJECTEXTEND PRINT(.\Listings\lian
                    -xi6.lst) TABS(2) OBJECT(.\Objects\lianxi6.obj)

line level    source

   1          #include <reg51.h>
   2          
   3          unsigned char flag = 0;
   4          unsigned char num = 0;
   5          unsigned char flag1 = 0;
   6          unsigned long int cnt = 0;
   7          unsigned long int count = 0;
   8          unsigned int pwm = 0;
   9          unsigned int speed = 0;
  10          
  11          unsigned char tab[] = {0x3F,0x06,0x5B,0x4F,0x66,0x6D,0x7D,0x07,0x7F,0x6F};
  12          
  13          void delay(unsigned int t)
  14          {
  15   1        while(t--);
  16   1      }
  17          
  18          void display(unsigned int speed)
  19          {
  20   1        P0 = 0x0e;
  21   1        P2 =  tab[speed/1000];
  22   1        delay(500);
  23   1        
  24   1        P0 = 0x0d;
  25   1        P2 =  tab[speed%1000/100];
  26   1        delay(500);
  27   1        
  28   1        P0 = 0x0b;
  29   1        P2 =  tab[speed%100/10];
  30   1        delay(500);
  31   1        
  32   1        P0 = 0x07;
  33   1        P2 =  tab[speed%10];
  34   1        delay(500);
  35   1      }
  36          
  37          void main()
  38          {
  39   1        TMOD = 0x15;//T0计数器T1定时器
  40   1        
  41   1        TH0 = 0;
  42   1        TL0 = 0;//计数器初值
  43   1        TH1 = 0x3c;
  44   1        TL1 = 0xaf;//定时器初值50ms
  45   1        
  46   1        TR0 = 1;
  47   1        TR1 = 1;//
  48   1        
  49   1        ET0 = 1;
  50   1        ET1 = 1;
  51   1        EA = 1;//tcon
  52   1        
  53   1        while(1)
  54   1        {
C51 COMPILER V9.54   LIANXI6                                                               04/10/2025 20:34:06 PAGE 2   

  55   2          if(flag1 == 1)
  56   2          {
  57   3            flag1 = 0;
  58   3            count = TH0*256+TL0;
  59   3            TH0 = 0;
  60   3            TL0 = 0;
  61   3            cnt = flag*65535+count;
  62   3            flag = 0;
  63   3            pwm = cnt/100;
  64   3            speed = pwm*2;
  65   3            
  66   3            TR0 = 1;
  67   3            TR1 = 1;
  68   3          } 
  69   2          display(speed);
  70   2        }
  71   1      }
  72          
  73          void timer0() interrupt 1
  74          {
  75   1        flag++;//计数器每65535+1
  76   1      }
  77          
  78          void timer1() interrupt 3
  79          {
  80   1        TH1 = 0x3c;
  81   1        TL1 = 0xaf;//50ms开始计数
  82   1        num++;
  83   1        if(num == 10)//记到20，1s
  84   1        {
  85   2          flag1 = 1;
  86   2          num = 0;
  87   2          TR0 = 0;
  88   2          TR1 = 0;
  89   2        }
  90   1      }


MODULE INFORMATION:   STATIC OVERLAYABLE
   CODE SIZE        =    291    ----
   CONSTANT SIZE    =   ----    ----
   XDATA SIZE       =   ----    ----
   PDATA SIZE       =   ----    ----
   DATA SIZE        =     25    ----
   IDATA SIZE       =   ----    ----
   BIT SIZE         =   ----    ----
END OF MODULE INFORMATION.


C51 COMPILATION COMPLETE.  0 WARNING(S),  0 ERROR(S)
