C51 COMPILER V9.54   LIANXI4                                                               03/26/2025 20:22:12 PAGE 1   


C51 COMPILER V9.54, COMPILATION OF MODULE LIANXI4
OBJECT MODULE PLACED IN .\Objects\lianxi4.obj
COMPILER INVOKED BY: F:\Keil\C51\BIN\C51.EXE lianxi4.c OPTIMIZE(8,SPEED) BROWSE DEBUG OBJECTEXTEND PRINT(.\Listings\lian
                    -xi4.lst) TABS(2) OBJECT(.\Objects\lianxi4.obj)

line level    source

   1          #include<reg51.h>
   2          
   3          sbit LED = P0^0;
   4          unsigned char Y[] = {0xc0,0xf9,0xa4,0xb0,0x99,0x92,0x82,0xf8,0x80,0x90};
   5          
   6          
   7          void delay(unsigned int t)
   8          {
   9   1        while(t--);
  10   1      }
  11          
  12          void main()
  13          {
  14   1        unsigned char i;
  15   1        EA = 1;
  16   1        IT0 = 0;
  17   1        IT1 = 0;
  18   1        EX0 = 1;
  19   1        EX1 = 1;
  20   1        PX0 = 0;
  21   1        PX1 = 1;
  22   1        while(1)
  23   1        {
  24   2          for(i = 0;i<10;i++){
  25   3            P2 = Y[i];
  26   3            delay(50000);
  27   3          }
  28   2        }
  29   1      }
  30          
  31          void int0() interrupt 0
  32          {
  33   1        unsigned char j, temp = 0x01;
  34   1        for(j = 0; j < 8; j++)
  35   1        {
  36   2          P1 = ~temp;
  37   2          delay(50000);
  38   2          temp <<= 1;
  39   2        }
  40   1      }
  41          void int1() interrupt 2
  42          {
  43   1        unsigned char k ;
  44   1        for(k = 0;k<10;k++)
  45   1        {
  46   2          LED = 1;
  47   2          delay(50000);
  48   2          LED = 0;
  49   2          delay(50000);
  50   2        }
  51   1      }


MODULE INFORMATION:   STATIC OVERLAYABLE
C51 COMPILER V9.54   LIANXI4                                                               03/26/2025 20:22:12 PAGE 2   

   CODE SIZE        =    142    ----
   CONSTANT SIZE    =   ----    ----
   XDATA SIZE       =   ----    ----
   PDATA SIZE       =   ----    ----
   DATA SIZE        =     10    ----
   IDATA SIZE       =   ----    ----
   BIT SIZE         =   ----    ----
END OF MODULE INFORMATION.


C51 COMPILATION COMPLETE.  0 WARNING(S),  0 ERROR(S)
