C51 COMPILER V9.54   LIANXI9                                                               06/18/2025 10:32:35 PAGE 1   


C51 COMPILER V9.54, COMPILATION OF MODULE LIANXI9
OBJECT MODULE PLACED IN .\Objects\lianxi9.obj
COMPILER INVOKED BY: F:\Keil\C51\BIN\C51.EXE lianxi9.c OPTIMIZE(8,SPEED) BROWSE DEBUG OBJECTEXTEND PRINT(.\Listings\lian
                    -xi9.lst) TABS(2) OBJECT(.\Objects\lianxi9.obj)

line level    source

   1          #include <reg51.h>
   2          #include <intrins.h>
   3          #define uchar unsigned char
   4          #define uint unsigned int
   5          
   6          
   7          uint result = 0;
   8          //ADC0809
   9          sbit START = P2^1;
  10          sbit EOC = P2^2;
  11          sbit OE = P2^4;
  12          
  13          
  14          unsigned char code tab[] =   {0x3f,0x06,0x5b,0x4f,0x66,0x6d,0x7d,0x07,0x7f,0x6f};
  15          
  16          void delay(uint t) 
  17          {
  18   1        while(t--);
  19   1      }
  20          
  21          
  22          void Display(float voltage) {
  23   1        uint value = (uint)(voltage*100); 
  24   1        P1 = 0xfe;
  25   1        P0 = ~tab[value / 1000]; 
  26   1        delay(500);
  27   1        P1 = 0xfd;
  28   1        P0 = ~tab[(value / 100) % 10]|0x80; 
  29   1        delay(500);
  30   1        P1 = 0xfb;
  31   1        P0 = ~tab[(value / 10) % 10];  
  32   1        delay(500);
  33   1        P1 = 0xf7;
  34   1        P0 = ~tab[value % 10];            
  35   1        delay(500);
  36   1      }
  37          
  38          
  39          // ADC0809
  40          void ADC0809() {
  41   1        START = 0;
  42   1        delay(500);
  43   1        START = 1;
  44   1        delay(500);
  45   1        START = 0;
  46   1        
  47   1        
  48   1        while(EOC!=1);
  49   1        delay(500);
  50   1        OE = 1;
  51   1        delay(500);
  52   1        result = P3;
  53   1        
  54   1        OE = 0;
C51 COMPILER V9.54   LIANXI9                                                               06/18/2025 10:32:35 PAGE 2   

  55   1        
  56   1      }
  57          
  58          void main() {
  59   1        float dat;
  60   1        
  61   1        while(1) 
  62   1        {
  63   2          ADC0809();
  64   2          dat = (5.0*result)/256.0;
  65   2          Display(dat); 
  66   2          OE = 0;
  67   2        }
  68   1      }


MODULE INFORMATION:   STATIC OVERLAYABLE
   CODE SIZE        =    266    ----
   CONSTANT SIZE    =     10    ----
   XDATA SIZE       =   ----    ----
   PDATA SIZE       =   ----    ----
   DATA SIZE        =      2       8
   IDATA SIZE       =   ----    ----
   BIT SIZE         =   ----    ----
END OF MODULE INFORMATION.


C51 COMPILATION COMPLETE.  0 WARNING(S),  0 ERROR(S)
