C51 COMPILER V9.54   LIANXI5                                                               04/07/2025 00:32:54 PAGE 1   


C51 COMPILER V9.54, COMPILATION OF MODULE LIANXI5
OBJECT MODULE PLACED IN .\Objects\lianxi5.obj
COMPILER INVOKED BY: F:\Keil\C51\BIN\C51.EXE lianxi5.c OPTIMIZE(8,SPEED) BROWSE DEBUG OBJECTEXTEND PRINT(.\Listings\lian
                    -xi5.lst) TABS(2) OBJECT(.\Objects\lianxi5.obj)

line level    source

   1          #include <reg51.h>
   2          
   3          sbit bo = P2^0;
   4          
   5          unsigned char flag = 1,count = 0;
   6          
   7          void main()
   8          {
   9   1        TMOD = 0x01;
  10   1        ET0 = 1;
  11   1        EA = 1;
  12   1        TR0 = 1;
  13   1        TH0 = 0xFC;
  14   1        TL0 = 0x18;
  15   1        while(1);
  16   1      }
  17          
  18          void time0() interrupt 1
  19          {
  20   1        TH0 = 0xFC;
  21   1        TL0 = 0x18;
  22   1        count++;
  23   1        if(flag == 1)
  24   1        {
  25   2          if(count >= 2)
  26   2          {
  27   3            bo = 0;
  28   3            count = 0;
  29   3            flag = 0;
  30   3          }
  31   2        }
  32   1        if(flag == 0)
  33   1        {
  34   2          if(count >= 3)
  35   2          {
  36   3            bo = 1;
  37   3            count = 0;
  38   3            flag = 1;
  39   3          }
  40   2        }
  41   1      }


MODULE INFORMATION:   STATIC OVERLAYABLE
   CODE SIZE        =     73    ----
   CONSTANT SIZE    =   ----    ----
   XDATA SIZE       =   ----    ----
   PDATA SIZE       =   ----    ----
   DATA SIZE        =      2    ----
   IDATA SIZE       =   ----    ----
   BIT SIZE         =   ----    ----
END OF MODULE INFORMATION.


C51 COMPILATION COMPLETE.  0 WARNING(S),  0 ERROR(S)
