C51 COMPILER V9.54   LIANXI8_B                                                             05/15/2025 21:25:05 PAGE 1   


C51 COMPILER V9.54, COMPILATION OF MODULE LIANXI8_B
OBJECT MODULE PLACED IN .\Objects\lianxi8_B.obj
COMPILER INVOKED BY: F:\Keil\C51\BIN\C51.EXE lianxi8_B.c OPTIMIZE(8,SPEED) BROWSE DEBUG OBJECTEXTEND PRINT(.\Listings\li
                    -anxi8_B.lst) TABS(2) OBJECT(.\Objects\lianxi8_B.obj)

line level    source

   1          #include<reg51.h>
   2          
   3          void delay(unsigned int t)
   4          {
   5   1        while(t--);
   6   1      }
   7          
   8          void main()
   9          {
  10   1        TMOD = 0x20;
  11   1        TH1 = 0xfd;
  12   1        TL1 = 0xfd;
  13   1        SCON = 0x50;//允许接收数据且工作方式1
  14   1        EA = 1;
  15   1        ES = 1;
  16   1        TR1 = 1;
  17   1        
  18   1        P0 = 0x11;
  19   1        
  20   1        
  21   1        while(1);
  22   1      }
  23          
  24          void BToA() interrupt 4
  25          {
  26   1        if(RI)
  27   1        {
  28   2          unsigned char Data,FData;
  29   2          Data = SBUF;
  30   2          FData = ~Data;
  31   2          P0 = Data;
  32   2          SBUF = FData;
  33   2          while(TI == 0);
  34   2          TI = 0;
  35   2          RI = 0;
  36   2          delay(5000);
  37   2        }
  38   1      }


MODULE INFORMATION:   STATIC OVERLAYABLE
   CODE SIZE        =     89    ----
   CONSTANT SIZE    =   ----    ----
   XDATA SIZE       =   ----    ----
   PDATA SIZE       =   ----    ----
   DATA SIZE        =   ----       2
   IDATA SIZE       =   ----    ----
   BIT SIZE         =   ----    ----
END OF MODULE INFORMATION.


C51 COMPILATION COMPLETE.  0 WARNING(S),  0 ERROR(S)
