C51 COMPILER V9.54   LIANXI8_A                                                             05/15/2025 21:24:39 PAGE 1   


C51 COMPILER V9.54, COMPILATION OF MODULE LIANXI8_A
OBJECT MODULE PLACED IN .\Objects\lianxi8_A.obj
COMPILER INVOKED BY: F:\Keil\C51\BIN\C51.EXE lianxi8_A.c OPTIMIZE(8,SPEED) BROWSE DEBUG OBJECTEXTEND PRINT(.\Listings\li
                    -anxi8_A.lst) TABS(2) OBJECT(.\Objects\lianxi8_A.obj)

line level    source

   1          #include<reg51.h>
   2          
   3          void delay(unsigned int t)
   4          {
   5   1        while(t--);
   6   1      }
   7          
   8          void Write(unsigned char w)
   9          {
  10   1        SBUF = w;
  11   1        while(TI==0);
  12   1        TI = 0;
  13   1        delay(50000);
  14   1      }
  15          
  16          void main()
  17          {
  18   1        TMOD = 0x20;
  19   1        TH1 = 0xfd;
  20   1        TL1 = 0xfd;
  21   1        SCON = 0x50;//允许接收数据且工作方式1
  22   1        EA = 1;
  23   1        ES = 1;
  24   1        TR1 = 1;
  25   1        while(1)
  26   1        {
  27   2          Write(0x55);
  28   2          Write(0x11);
  29   2          Write(0x22);
  30   2        }
  31   1      }
  32          
  33          void BToA() interrupt 4
  34          {
  35   1        if(RI)
  36   1        {
  37   2          unsigned char Data;
  38   2          Data = SBUF;
  39   2          P0 = Data;
  40   2          RI = 0;
  41   2        }
  42   1      }


MODULE INFORMATION:   STATIC OVERLAYABLE
   CODE SIZE        =     72    ----
   CONSTANT SIZE    =   ----    ----
   XDATA SIZE       =   ----    ----
   PDATA SIZE       =   ----    ----
   DATA SIZE        =   ----       1
   IDATA SIZE       =   ----    ----
   BIT SIZE         =   ----    ----
END OF MODULE INFORMATION.


C51 COMPILATION COMPLETE.  0 WARNING(S),  0 ERROR(S)
