C51 COMPILER V9.54   LIANXI2                                                               03/10/2025 21:27:47 PAGE 1   


C51 COMPILER V9.54, COMPILATION OF MODULE LIANXI2
OBJECT MODULE PLACED IN .\Objects\lianxi2.obj
COMPILER INVOKED BY: F:\Keil\C51\BIN\C51.EXE lianxi2.c OPTIMIZE(8,SPEED) BROWSE DEBUG OBJECTEXTEND PRINT(.\Listings\lian
                    -xi2.lst) TABS(2) OBJECT(.\Objects\lianxi2.obj)

line level    source

   1          #include<reg51.h>
   2          
   3          unsigned char shu[] = {0xC0,0xf9,0xA4,0xB0,0x99,0x92,0x82,0xF8,0x80,0x90};
   4          
   5          void delay(unsigned int t)
   6          {
   7   1        while(t--);
   8   1      }
   9          
  10          void main()
  11          {
  12   1        while(1)
  13   1        {
  14   2          P2 = 0x01;
  15   2          P0 = shu[1];
  16   2          delay(500);
  17   2          P2 = 0x02;    
  18   2          P0 = shu[2];
  19   2          delay(500);
  20   2          P2 = 0x04;
  21   2          P0 = shu[3];
  22   2          delay(500);
  23   2          P2 = 0x08;
  24   2          P0 = shu[4];
  25   2          delay(500);
  26   2        }
  27   1      }


MODULE INFORMATION:   STATIC OVERLAYABLE
   CODE SIZE        =     53    ----
   CONSTANT SIZE    =   ----    ----
   XDATA SIZE       =   ----    ----
   PDATA SIZE       =   ----    ----
   DATA SIZE        =     10    ----
   IDATA SIZE       =   ----    ----
   BIT SIZE         =   ----    ----
END OF MODULE INFORMATION.


C51 COMPILATION COMPLETE.  0 WARNING(S),  0 ERROR(S)
