C51 COMPILER V9.54   LIANXI10                                                              05/27/2025 21:52:58 PAGE 1   


C51 COMPILER V9.54, COMPILATION OF MODULE LIANXI10
OBJECT MODULE PLACED IN .\Objects\lianxi10.obj
COMPILER INVOKED BY: F:\Keil\C51\BIN\C51.EXE lianxi10.c OPTIMIZE(8,SPEED) BROWSE DEBUG OBJECTEXTEND PRINT(.\Listings\lia
                    -nxi10.lst) TABS(2) OBJECT(.\Objects\lianxi10.obj)

line level    source

   1          #include <reg52.h>
   2          #include <stdio.h>
   3          #include <math.h>
   4          
   5          // LCD 接口定义
   6          sbit RS = P2^0;
   7          sbit RW = P2^1;
   8          sbit EN = P2^2;
   9          
  10          // ADC0804接口
  11          sbit ADC_CS = P2^3;
  12          sbit ADC_RD = P2^4;
  13          sbit ADC_WR = P2^5;
  14          sbit ADC_INTR = P2^6;
  15          #define ADC_DATA P1  // 8位数据接口
  16          
  17          // 延时函数
  18          void delay_ms(unsigned int ms) {
  19   1          unsigned int i, j;
  20   1          for (i = 0; i < ms; i++)
  21   1              for (j = 0; j < 123; j++);
  22   1      }
  23          
  24          // LCD相关函数
  25          void LCD_Enable() {
  26   1          EN = 1;
  27   1          delay_ms(1);
  28   1          EN = 0;
  29   1      }
  30          
  31          void LCD_SendCmd(unsigned char cmd) {
  32   1          RS = 0;
  33   1          RW = 0;
  34   1          P0 = cmd;
  35   1          LCD_Enable();
  36   1          delay_ms(2);
  37   1      }
  38          
  39          void LCD_SendData(unsigned char dat) {
  40   1          RS = 1;
  41   1          RW = 0;
  42   1          P0 = dat;
  43   1          LCD_Enable();
  44   1          delay_ms(2);
  45   1      }
  46          
  47          void LCD_Init() {
  48   1          LCD_SendCmd(0x38); // 8位数据线，2行显示
  49   1          LCD_SendCmd(0x0C); // 开显示，光标关闭
  50   1          LCD_SendCmd(0x06); // 写入新数据后光标右移
  51   1          LCD_SendCmd(0x01); // 清屏
  52   1          delay_ms(10);
  53   1      }
  54          
C51 COMPILER V9.54   LIANXI10                                                              05/27/2025 21:52:58 PAGE 2   

  55          void LCD_ShowString(unsigned char x, unsigned char y, char *str) {
  56   1          unsigned char addr = (y == 0) ? 0x80 + x : 0xC0 + x;
  57   1          LCD_SendCmd(addr);
  58   1          while (*str) {
  59   2              LCD_SendData(*str++);
  60   2          }
  61   1      }
  62          
  63          // ADC读取函数
  64          unsigned char ADC_Read() {
  65   1          unsigned char value;
  66   1          ADC_CS = 0;
  67   1          ADC_WR = 0;
  68   1          delay_ms(1);
  69   1          ADC_WR = 1;
  70   1      
  71   1          while (ADC_INTR); // 等待转换完成
  72   1      
  73   1          ADC_RD = 0;
  74   1          value = ADC_DATA;
  75   1          ADC_RD = 1;
  76   1          ADC_CS = 1;
  77   1          return value;
  78   1      }
  79          
  80          // 温度计算函数
  81          float get_temperature(unsigned char adc_val) {
  82   1          // ADC0804 -> 8位数据，参考电压 = 5V
  83   1          float Vadc = adc_val * (5.0 / 255.0); // 放大后的电压
  84   1          float Vpt100 = Vadc / 20.0; // 除以放大倍数
  85   1          float Rpt100 = Vpt100 / 0.002; 
  86   1          float T = (Rpt100 - 100.0) / 0.385; // PT100换算
  87   1          return T;
  88   1      }
  89          
  90          // 主程序
  91          void main() {
  92   1          char str[16];
  93   1          float temp;
  94   1          unsigned char adc_val;
  95   1      
  96   1          LCD_Init();
  97   1          LCD_ShowString(0, 0, "xuehao:23112123"); 
  98   1      
  99   1          while (1) {
 100   2              adc_val = ADC_Read();
 101   2              temp = get_temperature(adc_val);
 102   2      
 103   2              sprintf(str, "T=%.1f C", temp);
 104   2              LCD_ShowString(0, 1, str);
 105   2      
 106   2              delay_ms(500);
 107   2          }
 108   1      }
 109          


MODULE INFORMATION:   STATIC OVERLAYABLE
   CODE SIZE        =    336    ----
   CONSTANT SIZE    =     25    ----
   XDATA SIZE       =   ----    ----
   PDATA SIZE       =   ----    ----
C51 COMPILER V9.54   LIANXI10                                                              05/27/2025 21:52:58 PAGE 3   

   DATA SIZE        =   ----      28
   IDATA SIZE       =   ----    ----
   BIT SIZE         =   ----    ----
END OF MODULE INFORMATION.


C51 COMPILATION COMPLETE.  0 WARNING(S),  0 ERROR(S)
