C51 COMPILER V9.54   IIC                                                                   06/25/2025 16:37:28 PAGE 1   


C51 COMPILER V9.54, COMPILATION OF MODULE IIC
OBJECT MODULE PLACED IN .\Objects\iic.obj
COMPILER INVOKED BY: F:\Keil_v5\C51\BIN\C51.EXE iic.c OPTIMIZE(8,SPEED) BROWSE DEBUG OBJECTEXTEND PRINT(.\Listings\iic.l
                    -st) TABS(2) OBJECT(.\Objects\iic.obj)

line level    source

   1          #include <reg52.h>
   2          #include "iic.h"
   3          #include <intrins.h>
   4          
   5          sbit SDA = P1^1;
   6          sbit SCL = P1^0;
   7          
   8          void IIC_Delay(void) {
   9   1          _nop_();_nop_();_nop_();_nop_();
  10   1      }
  11          
  12          void IIC_Start(void) {
  13   1          SDA = 1; SCL = 1; IIC_Delay();
  14   1          SDA = 0; IIC_Delay();
  15   1          SCL = 0;
  16   1      }
  17          
  18          void IIC_Stop(void) {
  19   1          SDA = 0; SCL = 1; IIC_Delay();
  20   1          SDA = 1; IIC_Delay();
  21   1      }
  22          
  23          void IIC_WaitAck(void) {
  24   1          SDA = 1; IIC_Delay();
  25   1          SCL = 1; IIC_Delay();
  26   1          SCL = 0;
  27   1      }
  28          
  29          void IIC_SendByte(unsigned char byte) {
  30   1          unsigned char i;
  31   1          for (i = 0; i < 8; i++) {
  32   2              SDA = (byte & 0x80);
  33   2              byte <<= 1;
  34   2              SCL = 1; IIC_Delay();
  35   2              SCL = 0; IIC_Delay();
  36   2          }
  37   1          IIC_WaitAck();
  38   1      }


MODULE INFORMATION:   STATIC OVERLAYABLE
   CODE SIZE        =     72    ----
   CONSTANT SIZE    =   ----    ----
   XDATA SIZE       =   ----    ----
   PDATA SIZE       =   ----    ----
   DATA SIZE        =   ----    ----
   IDATA SIZE       =   ----    ----
   BIT SIZE         =   ----    ----
END OF MODULE INFORMATION.


C51 COMPILATION COMPLETE.  0 WARNING(S),  0 ERROR(S)
