C51 COMPILER V9.54   MAIN                                                                  06/25/2025 16:37:28 PAGE 1   


C51 COMPILER V9.54, COMPILATION OF MODULE MAIN
OBJECT MODULE PLACED IN .\Objects\main.obj
COMPILER INVOKED BY: F:\Keil_v5\C51\BIN\C51.EXE main.c OPTIMIZE(8,SPEED) BROWSE DEBUG OBJECTEXTEND PRINT(.\Listings\main
                    -.lst) TABS(2) OBJECT(.\Objects\main.obj)

line level    source

   1          #include <reg52.h>
   2          #include "oled.h"
   3          
   4          
   5          void main() {
   6   1        OLED_Init();
   7   1        OLED_Clear();
   8   1        //OLED_ShowString(0,0,"*");
   9   1        //OLED_ShowString(1,0,"*");
  10   1        //OLED_ShowString(2,0,"*");
  11   1        //OLED_ShowString(3,0,"*");
  12   1        //OLED_ShowString(4,0,"*");
  13   1        //OLED_ShowString(5,0,"*");
  14   1      //
  15   1        /*
  16   1        OLED_ShowString(6,0,"*");
  17   1        OLED_ShowString(7,0,"*");
  18   1        OLED_ShowString(8,0,"*");
  19   1        OLED_ShowString(9,0,"*");*/
  20   1        //OLED_ShowString(30,1,"*************");
  21   1      //OLED_ShowString(30,2,"*************");
  22   1        /*
  23   1        OLED_ShowString(30,3,"*************");
  24   1        OLED_ShowString(30,4,"*************");
  25   1        OLED_ShowString(30,5,"*************");
  26   1        OLED_ShowString(30,6,"*************");
  27   1        OLED_ShowString(30,7,"*************");
  28   1        OLED_ShowString(30,8,"*************");*/
  29   1        OLED_ShowString(30,4,"Hello World!");
  30   1        OLED_ShowString(30,6,"WS !!!");
  31   1      
  32   1        while (1);
  33   1      }


MODULE INFORMATION:   STATIC OVERLAYABLE
   CODE SIZE        =     34    ----
   CONSTANT SIZE    =     20    ----
   XDATA SIZE       =   ----    ----
   PDATA SIZE       =   ----    ----
   DATA SIZE        =   ----    ----
   IDATA SIZE       =   ----    ----
   BIT SIZE         =   ----    ----
END OF MODULE INFORMATION.


C51 COMPILATION COMPLETE.  0 WARNING(S),  0 ERROR(S)
